0 info it worked if it ends with ok
1 verbose cli [ '/usr/local/Cellar/node/6.3.0/bin/node',
1 verbose cli   '/usr/local/bin/npm',
1 verbose cli   'install',
1 verbose cli   'https://cdnjs.cloudflare.com/ajax/libs/babel-core/5.8.34/browser.min.js',
1 verbose cli   '--save-dev' ]
2 info using npm@3.10.3
3 info using node@v6.3.0
4 silly loadCurrentTree Starting
5 silly install loadCurrentTree
6 silly install readLocalPackageData
7 silly fetchPackageMetaData https://cdnjs.cloudflare.com/ajax/libs/babel-core/5.8.34/browser.min.js
8 silly fetchOtherPackageData https://cdnjs.cloudflare.com/ajax/libs/babel-core/5.8.34/browser.min.js
9 silly cache add args [ 'https://cdnjs.cloudflare.com/ajax/libs/babel-core/5.8.34/browser.min.js',
9 silly cache add   null ]
10 verbose cache add spec https://cdnjs.cloudflare.com/ajax/libs/babel-core/5.8.34/browser.min.js
11 silly cache add parsed spec Result {
11 silly cache add   raw: 'https://cdnjs.cloudflare.com/ajax/libs/babel-core/5.8.34/browser.min.js',
11 silly cache add   scope: null,
11 silly cache add   escapedName: null,
11 silly cache add   name: null,
11 silly cache add   rawSpec: 'https://cdnjs.cloudflare.com/ajax/libs/babel-core/5.8.34/browser.min.js',
11 silly cache add   spec: 'https://cdnjs.cloudflare.com/ajax/libs/babel-core/5.8.34/browser.min.js',
11 silly cache add   type: 'remote' }
12 silly mapToRegistry name https://cdnjs.cloudflare.com/ajax/libs/babel-core/5.8.34/browser.min.js
13 silly mapToRegistry using default registry
14 silly mapToRegistry registry https://registry.npmjs.org/
15 silly mapToRegistry data Result {
15 silly mapToRegistry   raw: 'https://cdnjs.cloudflare.com/ajax/libs/babel-core/5.8.34/browser.min.js',
15 silly mapToRegistry   scope: null,
15 silly mapToRegistry   escapedName: null,
15 silly mapToRegistry   name: null,
15 silly mapToRegistry   rawSpec: 'https://cdnjs.cloudflare.com/ajax/libs/babel-core/5.8.34/browser.min.js',
15 silly mapToRegistry   spec: 'https://cdnjs.cloudflare.com/ajax/libs/babel-core/5.8.34/browser.min.js',
15 silly mapToRegistry   type: 'remote' }
16 silly mapToRegistry uri https://cdnjs.cloudflare.com/ajax/libs/babel-core/5.8.34/browser.min.js
17 verbose addRemoteTarball https://cdnjs.cloudflare.com/ajax/libs/babel-core/5.8.34/browser.min.js not in flight; adding
18 verbose addRemoteTarball [ 'https://cdnjs.cloudflare.com/ajax/libs/babel-core/5.8.34/browser.min.js',
18 verbose addRemoteTarball   null ]
19 info retry fetch attempt 1 at 12:32:45 AM
20 info attempt registry request try #1 at 12:32:45 AM
21 http fetch GET https://cdnjs.cloudflare.com/ajax/libs/babel-core/5.8.34/browser.min.js
22 verbose request id 1ab91d7361254ab6
23 http fetch 200 https://cdnjs.cloudflare.com/ajax/libs/babel-core/5.8.34/browser.min.js
24 silly fetchAndShaCheck shasum b5930690d0ffbb2333a8092d6cfb5e711d74869a
25 verbose addTmpTarball /var/folders/3b/k82fsh0d041gjgcc894g33ww0000gn/T/npm-25538-32d6be5b/cdnjs.cloudflare.com/ajax/libs/babel-core/5.8.34/browser.min.js not in flight; adding
26 verbose correctMkdir /Users/Alex/.npm correctMkdir not in flight; initializing
27 verbose addTmpTarball validating metadata from /var/folders/3b/k82fsh0d041gjgcc894g33ww0000gn/T/npm-25538-32d6be5b/cdnjs.cloudflare.com/ajax/libs/babel-core/5.8.34/browser.min.js
28 verbose tar unpack /var/folders/3b/k82fsh0d041gjgcc894g33ww0000gn/T/npm-25538-32d6be5b/cdnjs.cloudflare.com/ajax/libs/babel-core/5.8.34/browser.min.js
29 verbose tar unpacking to /var/folders/3b/k82fsh0d041gjgcc894g33ww0000gn/T/npm-25538-32d6be5b/unpack-faeeb199
30 silly gentlyRm /var/folders/3b/k82fsh0d041gjgcc894g33ww0000gn/T/npm-25538-32d6be5b/unpack-faeeb199 is being purged
31 verbose gentlyRm don't care about contents; nuking /var/folders/3b/k82fsh0d041gjgcc894g33ww0000gn/T/npm-25538-32d6be5b/unpack-faeeb199
32 silly gunzTarPerm modes [ '755', '644' ]
33 error not a package /var/folders/3b/k82fsh0d041gjgcc894g33ww0000gn/T/npm-25538-32d6be5b/cdnjs.cloudflare.com/ajax/libs/babel-core/5.8.34/browser.min.js
34 silly fetchPackageMetaData Error: ENOENT: no such file or directory, open '/var/folders/3b/k82fsh0d041gjgcc894g33ww0000gn/T/npm-25538-32d6be5b/unpack-faeeb199/package.json'
34 silly fetchPackageMetaData     at Error (native)
34 silly fetchPackageMetaData  error for https://cdnjs.cloudflare.com/ajax/libs/babel-core/5.8.34/browser.min.js { Error: ENOENT: no such file or directory, open '/var/folders/3b/k82fsh0d041gjgcc894g33ww0000gn/T/npm-25538-32d6be5b/unpack-faeeb199/package.json'
34 silly fetchPackageMetaData     at Error (native)
34 silly fetchPackageMetaData   errno: -2,
34 silly fetchPackageMetaData   code: 'ENOENT',
34 silly fetchPackageMetaData   syscall: 'open',
34 silly fetchPackageMetaData   path: '/var/folders/3b/k82fsh0d041gjgcc894g33ww0000gn/T/npm-25538-32d6be5b/unpack-faeeb199/package.json' }
35 silly rollbackFailedOptional Starting
36 silly rollbackFailedOptional Finishing
37 silly runTopLevelLifecycles Starting
38 silly runTopLevelLifecycles Finishing
39 silly install printInstalled
40 verbose stack Error: ENOENT: no such file or directory, open '/var/folders/3b/k82fsh0d041gjgcc894g33ww0000gn/T/npm-25538-32d6be5b/unpack-faeeb199/package.json'
40 verbose stack     at Error (native)
41 verbose cwd /Applications/MAMP/htdocs/algolia_project
42 error Darwin 15.5.0
43 error argv "/usr/local/Cellar/node/6.3.0/bin/node" "/usr/local/bin/npm" "install" "https://cdnjs.cloudflare.com/ajax/libs/babel-core/5.8.34/browser.min.js" "--save-dev"
44 error node v6.3.0
45 error npm  v3.10.3
46 error path /var/folders/3b/k82fsh0d041gjgcc894g33ww0000gn/T/npm-25538-32d6be5b/unpack-faeeb199/package.json
47 error code ENOENT
48 error errno -2
49 error syscall open
50 error enoent ENOENT: no such file or directory, open '/var/folders/3b/k82fsh0d041gjgcc894g33ww0000gn/T/npm-25538-32d6be5b/unpack-faeeb199/package.json'
51 error enoent ENOENT: no such file or directory, open '/var/folders/3b/k82fsh0d041gjgcc894g33ww0000gn/T/npm-25538-32d6be5b/unpack-faeeb199/package.json'
51 error enoent This is most likely not a problem with npm itself
51 error enoent and is related to npm not being able to find a file.
52 verbose exit [ -2, true ]
